#
# There is insufficient memory for the Java Runtime Environment to continue.
# Native memory allocation (mmap) failed to map 67108864 bytes for Failed to commit area from 0x00000000c1c00000 to 0x00000000c5c00000 of length 67108864.
# Possible reasons:
#   The system is out of physical RAM or swap space
#   The process is running with CompressedOops enabled, and the Java Heap may be blocking the growth of the native heap
# Possible solutions:
#   Reduce memory load on the system
#   Increase physical memory or swap space
#   Check if swap backing store is full
#   Decrease Java heap size (-Xmx/-Xms)
#   Decrease number of Java threads
#   Decrease Java thread stack sizes (-Xss)
#   Set larger code cache with -XX:ReservedCodeCacheSize=
#   JVM is running with Unscaled Compressed Oops mode in which the Java heap is
#     placed in the first 4GB address space. The Java Heap base address is the
#     maximum limit for the native heap growth. Please use -XX:HeapBaseMinAddress
#     to set the Java Heap base and to place the Java Heap above 4GB virtual address.
# This output file may be truncated or incomplete.
#
#  Out of Memory Error (./open/src/hotspot/os/windows/os_windows.cpp:3315), pid=6788, tid=10484
#
# JRE version:  (14.0.2+12) (build )
# Java VM: Java HotSpot(TM) 64-Bit Server VM (14.0.2+12-46, mixed mode, sharing, tiered, compressed oops, g1 gc, windows-amd64)
# No core dump will be written. Minidumps are not enabled by default on client versions of Windows
#

---------------  S U M M A R Y ------------

Command Line: -Dfile.encoding=UTF-8 --module-path=C:\Users\vic\Documents\NetBeansProjects\Employee management System\build\classes employee.management.system.Demo

Host: AMD PRO A6-7350B R5, 5 COMPUTE CORES 2C+3G     , 2 cores, 3G,  Windows 10 , 64 bit Build 19041 (10.0.19041.3636)
Time: Sun Mar 31 17:34:27 2024 India Standard Time elapsed time: 0 seconds (0d 0h 0m 0s)

---------------  T H R E A D  ---------------

Current thread (0x0000022ac2f7f800):  JavaThread "Unknown thread" [_thread_in_vm, id=10484, stack(0x000000c97b700000,0x000000c97b800000)]

Stack: [0x000000c97b700000,0x000000c97b800000]
Native frames: (J=compiled Java code, j=interpreted, Vv=VM code, C=native code)
V  [jvm.dll+0x5f8a9a]
V  [jvm.dll+0x74247a]
V  [jvm.dll+0x743c2f]
V  [jvm.dll+0x744273]
V  [jvm.dll+0x20d288]
V  [jvm.dll+0x5f5dea]
V  [jvm.dll+0x5eac45]
V  [jvm.dll+0x2c7e9c]
V  [jvm.dll+0x2c7cd2]
V  [jvm.dll+0x2cdbbc]
V  [jvm.dll+0x313fe8]
V  [jvm.dll+0x313710]
V  [jvm.dll+0x2a092a]
V  [jvm.dll+0x2a1a79]
V  [jvm.dll+0x71fd48]
V  [jvm.dll+0x321c14]
V  [jvm.dll+0x70112c]
V  [jvm.dll+0x392def]
V  [jvm.dll+0x394e61]
C  [jli.dll+0x524b]
C  [ucrtbase.dll+0x21bb2]
C  [KERNEL32.DLL+0x17344]
C  [ntdll.dll+0x526b1]


---------------  P R O C E S S  ---------------

Threads class SMR info:
_java_thread_list=0x00007ff8c1823038, length=0, elements={
}

Java Threads: ( => current thread )

Other Threads:
  0x0000022ac2fad000 GCTaskThread "GC Thread#0" [stack: 0x000000c97b900000,0x000000c97ba00000] [id=11688]
  0x0000022ac2fb8000 ConcurrentGCThread "G1 Main Marker" [stack: 0x000000c97ba00000,0x000000c97bb00000] [id=12980]
  0x0000022ac2fb9800 ConcurrentGCThread "G1 Conc#0" [stack: 0x000000c97bb00000,0x000000c97bc00000] [id=13064]

[error occurred during error reporting (printing all threads), id 0xc0000005, EXCEPTION_ACCESS_VIOLATION (0xc0000005) at pc=0x00007ff8c1051257]

VM state:not at safepoint (not fully initialized)

VM Mutex/Monitor currently owned by a thread:  ([mutex/lock_event])
[0x0000022ac2f7a990] Heap_lock - owner thread: 0x0000022ac2f7f800

Heap address: 0x00000000c1c00000, size: 996 MB, Compressed Oops mode: 32-bit
Narrow klass base: 0x0000000000000000, Narrow klass shift: 0

GC Heap History (0 events):
No events

Deoptimization events (0 events):
No events

Classes unloaded (0 events):
No events

Classes redefined (0 events):
No events

Internal exceptions (0 events):
No events

Events (2 events):
Event: 0.019 Loaded shared library C:\Program Files\Java\jdk-14.0.2\bin\java.dll
Event: 0.020 Loaded shared library C:\Program Files\Java\jdk-14.0.2\bin\zip.dll


Dynamic libraries:
0x00007ff7359d0000 - 0x00007ff7359df000 	C:\Program Files\Java\jdk-14.0.2\bin\java.exe
0x00007ff8ed9b0000 - 0x00007ff8edba8000 	C:\Windows\SYSTEM32\ntdll.dll
0x00007ff8ecf50000 - 0x00007ff8ed00d000 	C:\Windows\System32\KERNEL32.DLL
0x00007ff8eb060000 - 0x00007ff8eb356000 	C:\Windows\System32\KERNELBASE.dll
0x00007ff8eb390000 - 0x00007ff8eb490000 	C:\Windows\System32\ucrtbase.dll
0x00007ff8e6ae0000 - 0x00007ff8e6af8000 	C:\Program Files\Java\jdk-14.0.2\bin\jli.dll
0x00007ff8ecea0000 - 0x00007ff8ecf50000 	C:\Windows\System32\ADVAPI32.dll
0x00007ff8ebd90000 - 0x00007ff8ebe2e000 	C:\Windows\System32\msvcrt.dll
0x00007ff8ed870000 - 0x00007ff8ed910000 	C:\Windows\System32\sechost.dll
0x00007ff8eccf0000 - 0x00007ff8ece15000 	C:\Windows\System32\RPCRT4.dll
0x00007ff8eb9b0000 - 0x00007ff8eb9d7000 	C:\Windows\System32\bcrypt.dll
0x00007ff8ebbb0000 - 0x00007ff8ebd4e000 	C:\Windows\System32\USER32.dll
0x00007ff8eb360000 - 0x00007ff8eb382000 	C:\Windows\System32\win32u.dll
0x00007ff8ed7e0000 - 0x00007ff8ed80b000 	C:\Windows\System32\GDI32.dll
0x00007ff8eb490000 - 0x00007ff8eb5a7000 	C:\Windows\System32\gdi32full.dll
0x00007ff8eb5b0000 - 0x00007ff8eb64d000 	C:\Windows\System32\msvcp_win.dll
0x00007ff8da680000 - 0x00007ff8da695000 	C:\Program Files\Java\jdk-14.0.2\bin\VCRUNTIME140.dll
0x00007ff8db9b0000 - 0x00007ff8dbc4a000 	C:\Windows\WinSxS\amd64_microsoft.windows.common-controls_6595b64144ccf1df_6.0.19041.3636_none_60b6a03d71f818d5\COMCTL32.dll
0x00007ff8e1d10000 - 0x00007ff8e1d1a000 	C:\Windows\SYSTEM32\VERSION.dll
0x00007ff8ebd50000 - 0x00007ff8ebd82000 	C:\Windows\System32\IMM32.DLL
0x00007ff8d7b90000 - 0x00007ff8d7c2b000 	C:\Program Files\Java\jdk-14.0.2\bin\msvcp140.dll
0x00007ff8c0da0000 - 0x00007ff8c18be000 	C:\Program Files\Java\jdk-14.0.2\bin\server\jvm.dll
0x00007ff8ed6b0000 - 0x00007ff8ed6b8000 	C:\Windows\System32\PSAPI.DLL
0x00007ff8e8540000 - 0x00007ff8e8549000 	C:\Windows\SYSTEM32\WSOCK32.dll
0x00007ff8ed0c0000 - 0x00007ff8ed12b000 	C:\Windows\System32\WS2_32.dll
0x00007ff8e1d20000 - 0x00007ff8e1d47000 	C:\Windows\SYSTEM32\WINMM.dll
0x00007ff8e8f10000 - 0x00007ff8e8f22000 	C:\Windows\SYSTEM32\kernel.appcore.dll
0x00007ff8e45d0000 - 0x00007ff8e45da000 	C:\Program Files\Java\jdk-14.0.2\bin\jimage.dll
0x00007ff8d8650000 - 0x00007ff8d8834000 	C:\Windows\SYSTEM32\DBGHELP.DLL
0x00007ff8d85c0000 - 0x00007ff8d85f4000 	C:\Windows\SYSTEM32\dbgcore.DLL
0x00007ff8eb650000 - 0x00007ff8eb6d2000 	C:\Windows\System32\bcryptPrimitives.dll
0x00007ff8d8040000 - 0x00007ff8d8065000 	C:\Program Files\Java\jdk-14.0.2\bin\java.dll
0x00007ff8da610000 - 0x00007ff8da626000 	C:\Program Files\Java\jdk-14.0.2\bin\zip.dll

dbghelp: loaded successfully - version: 4.0.5 - missing functions: none
symbol engine: initialized successfully - sym options: 0x614 - pdb path: .;C:\Program Files\Java\jdk-14.0.2\bin;C:\Windows\SYSTEM32;C:\Windows\WinSxS\amd64_microsoft.windows.common-controls_6595b64144ccf1df_6.0.19041.3636_none_60b6a03d71f818d5;C:\Program Files\Java\jdk-14.0.2\bin\server

VM Arguments:
jvm_args: -Dfile.encoding=UTF-8 --module-path=C:\Users\vic\Documents\NetBeansProjects\Employee management System\build\classes 
java_command: employee.management.system.Demo
java_class_path (initial): C:\Users\vic\Documents\NetBeansProjects\Employee management System\build\classes
Launcher Type: SUN_STANDARD

[Global flags]
     intx CICompilerCount                          = 2                                         {product} {ergonomic}
     uint ConcGCThreads                            = 1                                         {product} {ergonomic}
     uint G1ConcRefinementThreads                  = 2                                         {product} {ergonomic}
   size_t G1HeapRegionSize                         = 1048576                                   {product} {ergonomic}
    uintx GCDrainStackTargetSize                   = 64                                        {product} {ergonomic}
   size_t InitialHeapSize                          = 67108864                                  {product} {ergonomic}
   size_t MarkStackSize                            = 4194304                                   {product} {ergonomic}
   size_t MaxHeapSize                              = 1044381696                                {product} {ergonomic}
   size_t MinHeapDeltaBytes                        = 1048576                                   {product} {ergonomic}
   size_t MinHeapSize                              = 8388608                                   {product} {ergonomic}
    uintx NonNMethodCodeHeapSize                   = 5826188                                {pd product} {ergonomic}
    uintx NonProfiledCodeHeapSize                  = 122916026                              {pd product} {ergonomic}
    uintx ProfiledCodeHeapSize                     = 122916026                              {pd product} {ergonomic}
    uintx ReservedCodeCacheSize                    = 251658240                              {pd product} {ergonomic}
     bool SegmentedCodeCache                       = true                                      {product} {ergonomic}
   size_t SoftMaxHeapSize                          = 1044381696                             {manageable} {ergonomic}
     bool UseCompressedClassPointers               = true                                 {lp64_product} {ergonomic}
     bool UseCompressedOops                        = true                                 {lp64_product} {ergonomic}
     bool UseG1GC                                  = true                                      {product} {ergonomic}
     bool UseLargePagesIndividualAllocation        = false                                  {pd product} {ergonomic}

Logging:
Log output configuration:
 #0: stdout all=warning uptime,level,tags
 #1: stderr all=off uptime,level,tags

Environment Variables:
JAVA_HOME=C:\Program Files\Java\jdk-14.0.2
PATH=C:\Python312\Scripts\;C:\Python312\;C:\Windows\system32;C:\Windows;C:\Windows\System32\Wbem;C:\Windows\System32\WindowsPowerShell\v1.0\;C:\Windows\System32\OpenSSH\;C:\Program Files\Java\jdk-14.0.2\bin;C:\ProgramData\chocolatey\bin;C:\Program Files\nodejs\;C:\Program Files\MySQL\MySQL Shell 8.0\bin\;C:\Users\vic\AppData\Local\Microsoft\WindowsApps;;C:\Users\vic\AppData\Local\Programs\Microsoft VS Code\bin;C:\Users\vic\AppData\Roaming\npm
USERNAME=vic
OS=Windows_NT
PROCESSOR_IDENTIFIER=AMD64 Family 21 Model 112 Stepping 0, AuthenticAMD



---------------  S Y S T E M  ---------------

OS: Windows 10 , 64 bit Build 19041 (10.0.19041.3636)
OS uptime: 4 days 7:30 hours

CPU:total 2 (initial active 2) (2 cores per cpu, 1 threads per core) family 21 model 112 stepping 0, cmov, cx8, fxsr, mmx, sse, sse2, sse3, ssse3, sse4.1, sse4.2, popcnt, avx, avx2, aes, clmul, mmxext, 3dnowpref, lzcnt, sse4a, tsc, tscinvbit, tscinv, bmi1, bmi2, fma

Memory: 4k page, system-wide physical 3983M (589M free)
TotalPageFile size 16271M (AvailPageFile size 12M)
current process WorkingSet (physical memory assigned to process): 10M, peak: 10M
current process commit charge ("private bytes"): 47M, peak: 111M

vm_info: Java HotSpot(TM) 64-Bit Server VM (14.0.2+12-46) for windows-amd64 JRE (14.0.2+12-46), built on Jul  9 2020 00:35:52 by "mach5one" with MS VC++ 15.9 (VS2017)

END.
